2025-12-30 15:55:44 - attendance_system.main - INFO - GET /docs | Status: 200 | Process Time: 0.0010s
2025-12-30 15:55:45 - attendance_system.main - INFO - GET /openapi.json | Status: 200 | Process Time: 0.0109s
2025-12-30 15:56:35 - attendance_system.main - INFO - GET / | Status: 200 | Process Time: 0.0020s
2025-12-30 15:56:35 - attendance_system.main - INFO - GET /employees/ | Status: 200 | Process Time: 0.0010s
2025-12-30 15:56:42 - attendance_system.main - INFO - POST /employees/ | Status: 201 | Process Time: 0.0110s
2025-12-30 15:56:42 - attendance_system.main - INFO - GET /employees/ | Status: 200 | Process Time: 0.0014s
2025-12-30 15:57:00 - attendance_system.main - INFO - GET /docs | Status: 200 | Process Time: 0.0010s
2025-12-30 15:57:00 - attendance_system.main - INFO - GET /openapi.json | Status: 200 | Process Time: 0.0010s
2025-12-30 15:58:59 - attendance_system.main - INFO - GET /docs | Status: 200 | Process Time: 0.0010s
2025-12-30 15:58:59 - attendance_system.main - INFO - GET /openapi.json | Status: 200 | Process Time: 0.0000s
2025-12-30 16:07:43 - attendance_system.main - INFO - GET / | Status: 200 | Process Time: 0.0020s
2025-12-30 16:07:54 - attendance_system.main - INFO - GET / | Status: 200 | Process Time: 0.0030s
2025-12-30 16:07:55 - attendance_system.main - INFO - GET / | Status: 200 | Process Time: 0.0030s
2025-12-30 16:07:58 - attendance_system.main - INFO - GET /docs | Status: 200 | Process Time: 0.0010s
2025-12-30 16:07:58 - attendance_system.main - INFO - GET /openapi.json | Status: 200 | Process Time: 0.0000s
2025-12-30 16:08:04 - attendance_system.main - INFO - GET / | Status: 200 | Process Time: 0.0035s
2025-12-30 16:08:04 - attendance_system.main - INFO - GET / | Status: 200 | Process Time: 0.0020s
2025-12-30 16:10:27 - attendance_system.main - INFO - GET /reports/department/IT/attendance | Status: 200 | Process Time: 0.0030s
2025-12-30 16:12:56 - attendance_system.main - INFO - GET / | Status: 200 | Process Time: 0.0020s
2025-12-30 16:14:09 - attendance_system.main - INFO - GET / | Status: 200 | Process Time: 0.0010s
2025-12-30 16:14:11 - attendance_system.main - INFO - GET /docs | Status: 200 | Process Time: 0.0010s
2025-12-30 16:14:11 - attendance_system.main - INFO - GET /openapi.json | Status: 200 | Process Time: 0.0000s
2025-12-30 16:14:22 - attendance_system.main - INFO - GET /docs | Status: 200 | Process Time: 0.0005s
2025-12-30 16:14:22 - attendance_system.main - INFO - GET /openapi.json | Status: 200 | Process Time: 0.0010s
2025-12-30 16:29:55 - attendance_system.main - INFO - GET / | Status: 200 | Process Time: 0.0020s
2025-12-30 16:29:55 - attendance_system.main - INFO - GET /docs | Status: 200 | Process Time: 0.0010s
2025-12-30 16:29:55 - attendance_system.main - INFO - GET /openapi.json | Status: 200 | Process Time: 0.0150s
2025-12-30 16:29:58 - attendance_system.main - INFO - POST /employees/ | Status: 201 | Process Time: 0.0703s
2025-12-30 16:30:07 - attendance_system.main - INFO - GET /reports/daily-summary | Status: 200 | Process Time: 0.0020s
2025-12-30 16:30:53 - attendance_system.main - INFO - GET / | Status: 200 | Process Time: 0.0030s
2025-12-30 16:30:56 - attendance_system.main - INFO - POST /employees/ | Status: 409 | Process Time: 0.0010s
2025-12-30 16:31:00 - attendance_system.main - INFO - POST /employees/ | Status: 201 | Process Time: 0.0040s
2025-12-30 16:31:03 - attendance_system.main - INFO - GET /reports/daily-summary | Status: 200 | Process Time: 0.0020s
2025-12-30 16:37:43 - attendance_system.main - INFO - GET / | Status: 200 | Process Time: 0.0030s
2025-12-30 16:37:47 - attendance_system.main - INFO - POST /employees/ | Status: 201 | Process Time: 0.0110s
2025-12-30 16:37:53 - attendance_system.main - INFO - GET /reports/daily-summary | Status: 200 | Process Time: 0.0020s
2025-12-30 16:37:58 - attendance_system.main - INFO - POST /attendance/check-in | Status: 201 | Process Time: 0.0040s
2025-12-30 16:38:04 - attendance_system.main - INFO - GET /reports/daily-summary | Status: 200 | Process Time: 0.0010s
2025-12-30 16:39:55 - attendance_system.main - INFO - GET / | Status: 200 | Process Time: 0.0010s
2025-12-30 16:40:02 - attendance_system.main - INFO - POST /employees/ | Status: 409 | Process Time: 0.0020s
2025-12-30 16:40:10 - attendance_system.main - INFO - GET / | Status: 200 | Process Time: 0.0030s
2025-12-30 16:40:13 - attendance_system.main - INFO - GET /docs | Status: 200 | Process Time: 0.0010s
2025-12-30 16:40:13 - attendance_system.main - INFO - GET /openapi.json | Status: 200 | Process Time: 0.0125s
2025-12-30 16:41:20 - attendance_system.main - INFO - GET / | Status: 200 | Process Time: 0.0011s
2025-12-30 16:41:27 - attendance_system.main - INFO - GET / | Status: 200 | Process Time: 0.0251s
2025-12-30 16:41:27 - attendance_system.main - INFO - GET /employees/ | Status: 200 | Process Time: 0.0020s
2025-12-30 16:49:10 - attendance_system.main - INFO - GET / | Status: 200 | Process Time: 0.0010s
2025-12-30 16:49:10 - attendance_system.main - INFO - GET /employees/ | Status: 200 | Process Time: 0.0010s
2025-12-30 16:49:12 - attendance_system.main - INFO - GET /reports/department/IT/attendance | Status: 200 | Process Time: 0.0040s
2025-12-30 16:49:49 - attendance_system.main - INFO - POST /employees/ | Status: 201 | Process Time: 0.0020s
2025-12-30 16:49:49 - attendance_system.main - INFO - GET /employees/ | Status: 200 | Process Time: 0.0020s
2025-12-30 16:49:56 - attendance_system.main - INFO - POST /employees/ | Status: 201 | Process Time: 0.0020s
2025-12-30 16:49:56 - attendance_system.main - INFO - GET /employees/ | Status: 200 | Process Time: 0.0010s
2025-12-30 16:50:11 - attendance_system.main - INFO - GET /reports/department/IT/attendance | Status: 200 | Process Time: 0.0020s
2025-12-30 16:50:14 - attendance_system.main - INFO - GET /reports/department/HR/attendance | Status: 200 | Process Time: 0.0020s
2025-12-30 16:52:36 - attendance_system.main - INFO - GET / | Status: 200 | Process Time: 0.0020s
2025-12-30 16:52:36 - attendance_system.main - INFO - GET /employees/ | Status: 200 | Process Time: 0.0010s
2025-12-30 16:52:39 - attendance_system.main - INFO - GET /reports/department/IT/attendance | Status: 200 | Process Time: 0.0010s
2025-12-30 16:52:45 - attendance_system.main - INFO - GET /reports/daily-summary | Status: 200 | Process Time: 0.0015s
2025-12-30 16:52:54 - attendance_system.main - INFO - GET /reports/department/Finance/attendance | Status: 200 | Process Time: 0.0030s
2025-12-30 16:53:58 - attendance_system.main - INFO - GET / | Status: 200 | Process Time: 0.0020s
2025-12-30 16:53:58 - attendance_system.main - INFO - GET /employees/ | Status: 200 | Process Time: 0.0020s
2025-12-30 16:53:59 - attendance_system.main - INFO - GET /reports/department/IT/attendance | Status: 200 | Process Time: 0.0010s
2025-12-30 17:00:38 - attendance_system.main - INFO - GET / | Status: 200 | Process Time: 0.0020s
2025-12-30 17:00:39 - attendance_system.main - INFO - GET /employees/ | Status: 200 | Process Time: 0.0010s
2025-12-30 17:00:44 - attendance_system.main - INFO - POST /employees/ | Status: 201 | Process Time: 0.0125s
2025-12-30 17:00:44 - attendance_system.main - INFO - GET /employees/ | Status: 200 | Process Time: 0.0020s
2025-12-30 17:00:54 - attendance_system.main - INFO - POST /employees/ | Status: 201 | Process Time: 0.0030s
2025-12-30 17:00:54 - attendance_system.main - INFO - GET /employees/ | Status: 200 | Process Time: 0.0010s
2025-12-30 17:01:00 - attendance_system.main - INFO - POST /employees/ | Status: 201 | Process Time: 0.0030s
2025-12-30 17:01:00 - attendance_system.main - INFO - GET /employees/ | Status: 200 | Process Time: 0.0020s
2025-12-30 17:01:03 - attendance_system.main - INFO - GET /reports/daily-summary | Status: 200 | Process Time: 0.0020s
2025-12-30 17:01:06 - attendance_system.main - INFO - GET /reports/department/IT/attendance | Status: 200 | Process Time: 0.0060s
2025-12-30 17:01:09 - attendance_system.main - INFO - GET /reports/punctuality-ranking | Status: 200 | Process Time: 0.0020s
2025-12-30 17:46:27 - attendance_system.main - INFO - GET / | Status: 200 | Process Time: 0.0020s
2025-12-30 17:46:27 - attendance_system.main - INFO - GET /employees/ | Status: 200 | Process Time: 0.0010s
2025-12-30 17:57:16 - attendance_system.main - INFO - GET / | Status: 200 | Process Time: 0.0025s
2025-12-30 17:57:16 - attendance_system.main - INFO - GET /employees/ | Status: 200 | Process Time: 0.0010s
2025-12-30 18:05:36 - attendance_system.main - INFO - GET / | Status: 200 | Process Time: 0.0010s
2025-12-30 18:05:36 - attendance_system.main - INFO - GET /employees/ | Status: 200 | Process Time: 0.0010s
2025-12-30 18:05:37 - attendance_system.main - INFO - GET /employees/ | Status: 200 | Process Time: 0.0010s
2025-12-30 18:05:39 - attendance_system.main - INFO - POST /employees/ | Status: 201 | Process Time: 0.0070s
2025-12-30 18:05:39 - attendance_system.main - INFO - GET /employees/ | Status: 200 | Process Time: 0.0010s
2025-12-30 18:05:41 - attendance_system.main - INFO - GET / | Status: 200 | Process Time: 0.0010s
2025-12-30 18:05:41 - attendance_system.main - INFO - GET /employees/ | Status: 200 | Process Time: 0.0010s
